app/build/intermediates/manifest_merge_blame_file/debug/manifest-merger-blame-debug-report.txt
1<?xml version="1.0" encoding="utf-8"?>
2<manifest xmlns:android="http://schemas.android.com/apk/res/android"
3    package="com.example.home"
4    android:versionCode="1"
5    android:versionName="1.0" >
6
7    <uses-sdk
8        android:minSdkVersion="21"
8-->src\main\AndroidManifest.xml
9        android:targetSdkVersion="30" />
9-->src\main\AndroidManifest.xml
10
11    <uses-permission android:name="android.permission.INTERNET" />
11-->src\main\AndroidManifest.xml:5:5-67
11-->src\main\AndroidManifest.xml:5:22-64
12
13    <!-- Although the *SdkVersion is captured in gradle build files, this is required for non gradle builds -->
14    <!-- <uses-sdk android:minSdkVersion="14"/> -->
15    <uses-permission android:name="android.permission.ACCESS_NETWORK_STATE" />
15-->[com.google.firebase:firebase-database:19.3.0] AndroidManifest.xml:25:5-79
15-->[com.google.firebase:firebase-database:19.3.0] AndroidManifest.xml:25:22-76
16
17    <application
17-->src\main\AndroidManifest.xml:7:5-38:19
18        android:allowBackup="true"
18-->src\main\AndroidManifest.xml:8:9-35
19        android:appComponentFactory="androidx.core.app.CoreComponentFactory"
19-->[androidx.core:core:1.3.0] AndroidManifest.xml:24:18-86
20        android:debuggable="true"
21        android:icon="@drawable/juice"
21-->src\main\AndroidManifest.xml:9:9-39
22        android:label="@string/app_name"
22-->src\main\AndroidManifest.xml:10:9-41
23        android:roundIcon="@mipmap/ic_launcher_round"
23-->src\main\AndroidManifest.xml:11:9-54
24        android:supportsRtl="true"
24-->src\main\AndroidManifest.xml:12:9-35
25        android:testOnly="true"
26        android:theme="@style/AppTheme" >
26-->src\main\AndroidManifest.xml:13:9-40
27        <activity android:name="com.example.home.activities.UpdateReservation" />
27-->src\main\AndroidManifest.xml:14:9-75
27-->src\main\AndroidManifest.xml:14:19-63
28        <activity android:name="com.example.home.activities.ReservationActivity" />
28-->src\main\AndroidManifest.xml:15:9-68
28-->src\main\AndroidManifest.xml:15:19-65
29        <activity android:name="com.example.home.activities.PaymentMethodScreen" />
29-->src\main\AndroidManifest.xml:16:9-68
29-->src\main\AndroidManifest.xml:16:19-65
30        <activity android:name="com.example.home.activities.DeliveryInformationScreen" />
30-->src\main\AndroidManifest.xml:17:9-74
30-->src\main\AndroidManifest.xml:17:19-71
31        <activity android:name="com.example.home.activities.CheckoutScreen" />
31-->src\main\AndroidManifest.xml:18:9-63
31-->src\main\AndroidManifest.xml:18:19-60
32        <activity android:name="com.example.home.activities.AdminScreen" />
32-->src\main\AndroidManifest.xml:19:9-60
32-->src\main\AndroidManifest.xml:19:19-57
33        <activity android:name="com.example.home.activities.ReservationConfirmScreen" />
33-->src\main\AndroidManifest.xml:20:9-73
33-->src\main\AndroidManifest.xml:20:19-70
34        <activity android:name="com.example.home.activities.PickHallScreen" />
34-->src\main\AndroidManifest.xml:21:9-63
34-->src\main\AndroidManifest.xml:21:19-60
35        <activity android:name="com.example.home.activities.ReservationScreen" />
35-->src\main\AndroidManifest.xml:22:9-66
35-->src\main\AndroidManifest.xml:22:19-63
36        <activity android:name="com.example.home.activities.ShoppingCartScreen" />
36-->src\main\AndroidManifest.xml:23:9-67
36-->src\main\AndroidManifest.xml:23:19-64
37        <activity android:name="com.example.home.activities.DessertsScreen" />
37-->src\main\AndroidManifest.xml:24:9-63
37-->src\main\AndroidManifest.xml:24:19-60
38        <activity android:name="com.example.home.activities.MocktailsScreen" />
38-->src\main\AndroidManifest.xml:25:9-64
38-->src\main\AndroidManifest.xml:25:19-61
39        <activity android:name="com.example.home.activities.JuicesScreen" />
39-->src\main\AndroidManifest.xml:26:9-61
39-->src\main\AndroidManifest.xml:26:19-58
40        <activity android:name="com.example.home.activities.SplashScreen" >
40-->src\main\AndroidManifest.xml:27:9-33:20
40-->src\main\AndroidManifest.xml:27:19-58
41            <intent-filter>
41-->src\main\AndroidManifest.xml:28:13-32:29
42                <action android:name="android.intent.action.MAIN" />
42-->src\main\AndroidManifest.xml:29:17-69
42-->src\main\AndroidManifest.xml:29:25-66
43
44                <category android:name="android.intent.category.LAUNCHER" />
44-->src\main\AndroidManifest.xml:31:17-77
44-->src\main\AndroidManifest.xml:31:27-74
45            </intent-filter>
46        </activity>
47        <activity android:name="com.example.home.activities.HomeScreen" />
47-->src\main\AndroidManifest.xml:34:9-59
47-->src\main\AndroidManifest.xml:34:19-56
48        <activity android:name="com.example.home.activities.ProfileScreen" />
48-->src\main\AndroidManifest.xml:35:9-62
48-->src\main\AndroidManifest.xml:35:19-59
49        <activity android:name="com.example.home.activities.RegisterScreen" />
49-->src\main\AndroidManifest.xml:36:9-63
49-->src\main\AndroidManifest.xml:36:19-60
50        <activity android:name="com.example.home.activities.LoginScreen" />
50-->src\main\AndroidManifest.xml:37:9-60
50-->src\main\AndroidManifest.xml:37:19-57
51
52        <service
52-->[com.google.firebase:firebase-database:19.3.0] AndroidManifest.xml:29:9-35:19
53            android:name="com.google.firebase.components.ComponentDiscoveryService"
53-->[com.google.firebase:firebase-database:19.3.0] AndroidManifest.xml:30:13-84
54            android:directBootAware="true"
54-->[com.google.firebase:firebase-common:19.3.0] AndroidManifest.xml:34:13-43
55            android:exported="false" >
55-->[com.google.firebase:firebase-database:19.3.0] AndroidManifest.xml:31:13-37
56            <meta-data
56-->[com.google.firebase:firebase-database:19.3.0] AndroidManifest.xml:32:13-34:85
57                android:name="com.google.firebase.components:com.google.firebase.database.DatabaseRegistrar"
57-->[com.google.firebase:firebase-database:19.3.0] AndroidManifest.xml:33:17-109
58                android:value="com.google.firebase.components.ComponentRegistrar" />
58-->[com.google.firebase:firebase-database:19.3.0] AndroidManifest.xml:34:17-82
59            <meta-data
59-->[com.google.firebase:firebase-storage:19.1.1] AndroidManifest.xml:33:13-35:85
60                android:name="com.google.firebase.components:com.google.firebase.storage.StorageRegistrar"
60-->[com.google.firebase:firebase-storage:19.1.1] AndroidManifest.xml:34:17-107
61                android:value="com.google.firebase.components.ComponentRegistrar" />
61-->[com.google.firebase:firebase-storage:19.1.1] AndroidManifest.xml:35:17-82
62        </service>
63
64        <activity
64-->[com.google.android.gms:play-services-base:17.0.0] AndroidManifest.xml:23:9-26:75
65            android:name="com.google.android.gms.common.api.GoogleApiActivity"
65-->[com.google.android.gms:play-services-base:17.0.0] AndroidManifest.xml:24:13-79
66            android:exported="false"
66-->[com.google.android.gms:play-services-base:17.0.0] AndroidManifest.xml:25:13-37
67            android:theme="@android:style/Theme.Translucent.NoTitleBar" />
67-->[com.google.android.gms:play-services-base:17.0.0] AndroidManifest.xml:26:13-72
68
69        <provider
69-->[com.google.firebase:firebase-common:19.3.0] AndroidManifest.xml:26:9-30:39
70            android:name="com.google.firebase.provider.FirebaseInitProvider"
70-->[com.google.firebase:firebase-common:19.3.0] AndroidManifest.xml:27:13-77
71            android:authorities="com.example.home.firebaseinitprovider"
71-->[com.google.firebase:firebase-common:19.3.0] AndroidManifest.xml:28:13-72
72            android:exported="false"
72-->[com.google.firebase:firebase-common:19.3.0] AndroidManifest.xml:29:13-37
73            android:initOrder="100" />
73-->[com.google.firebase:firebase-common:19.3.0] AndroidManifest.xml:30:13-36
74
75        <meta-data
75-->[com.google.android.gms:play-services-basement:17.0.0] AndroidManifest.xml:23:9-25:69
76            android:name="com.google.android.gms.version"
76-->[com.google.android.gms:play-services-basement:17.0.0] AndroidManifest.xml:24:13-58
77            android:value="@integer/google_play_services_version" />
77-->[com.google.android.gms:play-services-basement:17.0.0] AndroidManifest.xml:25:13-66
78    </application>
79
80</manifest>